<?xml version="1.0" encoding="UTF-8"?>
<testng-results ignored="0" total="1" passed="1" failed="0" skipped="0">
  <reporter-output>
  </reporter-output>
  <suite started-at="2022-07-29T22:07:12 IST" name="Default suite" finished-at="2022-07-29T22:07:17 IST" duration-ms="4810">
    <groups>
    </groups>
    <test started-at="2022-07-29T22:07:12 IST" name="Default test" finished-at="2022-07-29T22:07:17 IST" duration-ms="4810">
      <class name="Sec7_38_StaticJson">
        <test-method signature="addBook()[pri:0, instance:Sec7_38_StaticJson@4d02f94e]" started-at="2022-07-29T22:07:12 IST" name="addBook" finished-at="2022-07-29T22:07:17 IST" duration-ms="4677" status="PASS">
          <reporter-output>
          </reporter-output>
        </test-method> <!-- addBook -->
      </class> <!-- Sec7_38_StaticJson -->
    </test> <!-- Default test -->
  </suite> <!-- Default suite -->
</testng-results>
